<?xml version="1.0" encoding="UTF-8"?>
<!-- Generated by org.testng.reporters.JUnitReportReporter -->
<testsuite hostname="DESKTOP-RTPD400" failures="0" tests="1" name="campaigns.CreateCamp1" time="54.571" errors="0" timestamp="2025-07-09T19:25:25 IST" skipped="0">
  <testcase classname="campaigns.CreateCamp1" name="createCampaign" time="54.571"/>
</testsuite> <!-- campaigns.CreateCamp1 -->
