<?xml version="1.0" encoding="UTF-8"?>
<!-- Generated by org.testng.reporters.JUnitReportReporter -->
<testsuite hostname="DESKTOP-RTPD400" failures="0" tests="1" name="campaigns.DeleteCampaign" time="165.455" errors="0" timestamp="2025-07-05T23:58:16 IST" skipped="0">
  <testcase classname="campaigns.DeleteCampaign" name="deleteCampaign" time="165.455"/>
</testsuite> <!-- campaigns.DeleteCampaign -->
