<?xml version="1.0" encoding="UTF-8"?>
<!-- Generated by org.testng.reporters.JUnitReportReporter -->
<testsuite hostname="DESKTOP-RTPD400" failures="0" tests="3" name="Dataprovider" time="0.020" errors="0" timestamp="2025-06-28T07:48:21 IST" skipped="0">
  <testcase classname="Dataprovider" name="trainTickets" time="0.015"/>
  <testcase classname="Dataprovider" name="trainTickets" time="0.002"/>
  <testcase classname="Dataprovider" name="trainTickets" time="0.003"/>
</testsuite> <!-- Dataprovider -->
