<?xml version="1.0" encoding="UTF-8"?>
<!-- Generated by org.testng.reporters.JUnitReportReporter -->
<testsuite hostname="DESKTOP-RTPD400" failures="0" tests="2" name="Createprowithdataprovider" time="27.944" errors="0" timestamp="2025-06-28T09:02:34 IST" skipped="0">
  <testcase classname="Createprowithdataprovider" name="loginData" time="19.684"/>
  <testcase classname="Createprowithdataprovider" name="loginData" time="8.260"/>
</testsuite> <!-- Createprowithdataprovider -->
